2015/12/30 10:17:49 [error] [exception.CHttpException.403] exception 'CHttpException' with message 'You are not authorized to perform this action.' in C:\xampp\htdocs\yii\framework\web\auth\CAccessControlFilter.php:182
Stack trace:
#0 C:\xampp\htdocs\yii\framework\web\auth\CAccessControlFilter.php(145): CAccessControlFilter->accessDenied(Object(CWebUser), 'You are not aut...')
#1 C:\xampp\htdocs\yii\framework\web\filters\CFilter.php(38): CAccessControlFilter->preFilter(Object(CFilterChain))
#2 C:\xampp\htdocs\yii\framework\web\CController.php(1145): CFilter->filter(Object(CFilterChain))
#3 C:\xampp\htdocs\yii\framework\web\filters\CInlineFilter.php(58): CController->filterAccessControl(Object(CFilterChain))
#4 C:\xampp\htdocs\yii\framework\web\filters\CFilterChain.php(130): CInlineFilter->filter(Object(CFilterChain))
#5 C:\xampp\htdocs\yii\framework\web\CController.php(291): CFilterChain->run()
#6 C:\xampp\htdocs\yii\framework\web\CController.php(265): CController->runActionWithFilters(Object(CInlineAction), Array)
#7 C:\xampp\htdocs\yii\framework\web\CWebApplication.php(282): CController->run('admin')
#8 C:\xampp\htdocs\yii\framework\web\CWebApplication.php(141): CWebApplication->runController('datauser/admin')
#9 C:\xampp\htdocs\yii\framework\base\CApplication.php(180): CWebApplication->processRequest()
#10 C:\xampp\htdocs\taskcribfix\index.php(13): CApplication->run()
#11 {main}
REQUEST_URI=/taskcribfix/index.php?r=datauser/admin
HTTP_REFERER=http://localhost/taskcribfix/index.php?r=datauser/index
---
2015/12/31 04:38:56 [error] [exception.CHttpException.404] exception 'CHttpException' with message 'Unable to resolve the request "penjualan/index".' in C:\xampp\htdocs\yii\framework\web\CWebApplication.php:286
Stack trace:
#0 C:\xampp\htdocs\yii\framework\web\CWebApplication.php(141): CWebApplication->runController('penjualan/index')
#1 C:\xampp\htdocs\yii\framework\base\CApplication.php(184): CWebApplication->processRequest()
#2 C:\xampp\htdocs\taskcrib\index.php(13): CApplication->run()
#3 {main}
REQUEST_URI=/taskcrib/index.php?r=penjualan/index
HTTP_REFERER=http://localhost/taskcrib/index.php?r=product/index
---
2015/12/31 04:38:59 [error] [exception.CHttpException.404] exception 'CHttpException' with message 'Unable to resolve the request "penjualan/index".' in C:\xampp\htdocs\yii\framework\web\CWebApplication.php:286
Stack trace:
#0 C:\xampp\htdocs\yii\framework\web\CWebApplication.php(141): CWebApplication->runController('penjualan/index')
#1 C:\xampp\htdocs\yii\framework\base\CApplication.php(184): CWebApplication->processRequest()
#2 C:\xampp\htdocs\taskcrib\index.php(13): CApplication->run()
#3 {main}
REQUEST_URI=/taskcrib/index.php?r=penjualan/index
HTTP_REFERER=http://localhost/taskcrib/index.php?r=penjualan/index
---
2015/12/31 05:49:37 [error] [php] Undefined variable: sission (C:\xampp\htdocs\taskcrib\protected\controllers\PenjualanController.php:66)
Stack trace:
#0 C:\xampp\htdocs\yii\framework\web\filters\CFilterChain.php(133): PenjualanController->runAction()
#1 C:\xampp\htdocs\yii\framework\web\filters\CFilter.php(40): CFilterChain->run()
#2 C:\xampp\htdocs\yii\framework\web\CController.php(1145): CAccessControlFilter->filter()
#3 C:\xampp\htdocs\yii\framework\web\filters\CInlineFilter.php(58): PenjualanController->filterAccessControl()
#4 C:\xampp\htdocs\yii\framework\web\filters\CFilterChain.php(130): CInlineFilter->filter()
#5 C:\xampp\htdocs\yii\framework\web\CController.php(291): CFilterChain->run()
#6 C:\xampp\htdocs\yii\framework\web\CController.php(265): PenjualanController->runActionWithFilters()
#7 C:\xampp\htdocs\yii\framework\web\CWebApplication.php(282): PenjualanController->run()
#8 C:\xampp\htdocs\yii\framework\web\CWebApplication.php(141): CWebApplication->runController()
#9 C:\xampp\htdocs\yii\framework\base\CApplication.php(184): CWebApplication->processRequest()
#10 C:\xampp\htdocs\taskcrib\index.php(13): CWebApplication->run()
REQUEST_URI=/taskcrib/index.php?r=penjualan/create
in C:\xampp\htdocs\taskcrib\protected\controllers\PenjualanController.php (66)
in C:\xampp\htdocs\taskcrib\index.php (13)
2015/12/31 05:55:58 [error] [exception.CHttpException.403] exception 'CHttpException' with message 'You are not authorized to perform this action.' in C:\xampp\htdocs\yii\framework\web\auth\CAccessControlFilter.php:182
Stack trace:
#0 C:\xampp\htdocs\yii\framework\web\auth\CAccessControlFilter.php(145): CAccessControlFilter->accessDenied(Object(CWebUser), 'You are not aut...')
#1 C:\xampp\htdocs\yii\framework\web\filters\CFilter.php(38): CAccessControlFilter->preFilter(Object(CFilterChain))
#2 C:\xampp\htdocs\yii\framework\web\CController.php(1145): CFilter->filter(Object(CFilterChain))
#3 C:\xampp\htdocs\yii\framework\web\filters\CInlineFilter.php(58): CController->filterAccessControl(Object(CFilterChain))
#4 C:\xampp\htdocs\yii\framework\web\filters\CFilterChain.php(130): CInlineFilter->filter(Object(CFilterChain))
#5 C:\xampp\htdocs\yii\framework\web\CController.php(291): CFilterChain->run()
#6 C:\xampp\htdocs\yii\framework\web\CController.php(265): CController->runActionWithFilters(Object(CInlineAction), Array)
#7 C:\xampp\htdocs\yii\framework\web\CWebApplication.php(282): CController->run('admin')
#8 C:\xampp\htdocs\yii\framework\web\CWebApplication.php(141): CWebApplication->runController('penjualan/admin')
#9 C:\xampp\htdocs\yii\framework\base\CApplication.php(184): CWebApplication->processRequest()
#10 C:\xampp\htdocs\taskcrib\index.php(13): CApplication->run()
#11 {main}
REQUEST_URI=/taskcrib/index.php?r=penjualan/admin
HTTP_REFERER=http://localhost/taskcrib/index.php?r=penjualan/create
---
2015/12/31 06:03:28 [error] [php] Trying to get property of non-object (C:\xampp\htdocs\taskcrib\protected\controllers\PenjualanController.php:67)
Stack trace:
#0 C:\xampp\htdocs\yii\framework\web\filters\CFilterChain.php(133): PenjualanController->runAction()
#1 C:\xampp\htdocs\yii\framework\web\filters\CFilter.php(40): CFilterChain->run()
#2 C:\xampp\htdocs\yii\framework\web\CController.php(1145): CAccessControlFilter->filter()
#3 C:\xampp\htdocs\yii\framework\web\filters\CInlineFilter.php(58): PenjualanController->filterAccessControl()
#4 C:\xampp\htdocs\yii\framework\web\filters\CFilterChain.php(130): CInlineFilter->filter()
#5 C:\xampp\htdocs\yii\framework\web\CController.php(291): CFilterChain->run()
#6 C:\xampp\htdocs\yii\framework\web\CController.php(265): PenjualanController->runActionWithFilters()
#7 C:\xampp\htdocs\yii\framework\web\CWebApplication.php(282): PenjualanController->run()
#8 C:\xampp\htdocs\yii\framework\web\CWebApplication.php(141): CWebApplication->runController()
#9 C:\xampp\htdocs\yii\framework\base\CApplication.php(184): CWebApplication->processRequest()
#10 C:\xampp\htdocs\taskcrib\index.php(13): CWebApplication->run()
REQUEST_URI=/taskcrib/index.php?r=penjualan/create
in C:\xampp\htdocs\taskcrib\protected\controllers\PenjualanController.php (67)
in C:\xampp\htdocs\taskcrib\index.php (13)
2015/12/31 06:09:23 [error] [exception.CException] exception 'CException' with message 'Datauser and its behaviors do not have a method or closure named "findnypk".' in C:\xampp\htdocs\yii\framework\base\CComponent.php:266
Stack trace:
#0 C:\xampp\htdocs\yii\framework\db\ar\CActiveRecord.php(227): CComponent->__call('findnypk', Array)
#1 C:\xampp\htdocs\taskcrib\protected\views\penjualan\_view.php(13): CActiveRecord->__call('findnypk', Array)
#2 C:\xampp\htdocs\taskcrib\protected\views\penjualan\_view.php(13): Datauser->findnypk('1')
#3 C:\xampp\htdocs\yii\framework\web\CBaseController.php(130): require('C:\xampp\htdocs...')
#4 C:\xampp\htdocs\yii\framework\web\CBaseController.php(95): CBaseController->renderInternal('C:\xampp\htdocs...', Array, false)
#5 C:\xampp\htdocs\yii\framework\zii\widgets\CListView.php(291): CBaseController->renderFile('C:\xampp\htdocs...', Array)
#6 C:\xampp\htdocs\yii\framework\zii\widgets\CBaseListView.php(181): CListView->renderItems()
#7 [internal function]: CBaseListView->renderSection(Array)
#8 C:\xampp\htdocs\yii\framework\zii\widgets\CBaseListView.php(164): preg_replace_callback('/{(\w+)}/', Array, '{summary}?{sort...')
#9 C:\xampp\htdocs\yii\framework\zii\widgets\CBaseListView.php(149): CBaseListView->renderContent()
#10 C:\xampp\htdocs\yii\framework\web\CBaseController.php(181): CBaseListView->run()
#11 C:\xampp\htdocs\taskcrib\protected\views\penjualan\index.php(20): CBaseController->widget('zii.widgets.CLi...', Array)
#12 C:\xampp\htdocs\yii\framework\web\CBaseController.php(126): require('C:\xampp\htdocs...')
#13 C:\xampp\htdocs\yii\framework\web\CBaseController.php(95): CBaseController->renderInternal('C:\xampp\htdocs...', Array, true)
#14 C:\xampp\htdocs\yii\framework\web\CController.php(869): CBaseController->renderFile('C:\xampp\htdocs...', Array, true)
#15 C:\xampp\htdocs\yii\framework\web\CController.php(782): CController->renderPartial('index', Array, true)
#16 C:\xampp\htdocs\taskcrib\protected\controllers\PenjualanController.php(133): CController->render('index', Array)
#17 C:\xampp\htdocs\yii\framework\web\actions\CInlineAction.php(49): PenjualanController->actionIndex()
#18 C:\xampp\htdocs\yii\framework\web\CController.php(308): CInlineAction->runWithParams(Array)
#19 C:\xampp\htdocs\yii\framework\web\filters\CFilterChain.php(133): CController->runAction(Object(CInlineAction))
#20 C:\xampp\htdocs\yii\framework\web\filters\CFilter.php(40): CFilterChain->run()
#21 C:\xampp\htdocs\yii\framework\web\CController.php(1145): CFilter->filter(Object(CFilterChain))
#22 C:\xampp\htdocs\yii\framework\web\filters\CInlineFilter.php(58): CController->filterAccessControl(Object(CFilterChain))
#23 C:\xampp\htdocs\yii\framework\web\filters\CFilterChain.php(130): CInlineFilter->filter(Object(CFilterChain))
#24 C:\xampp\htdocs\yii\framework\web\CController.php(291): CFilterChain->run()
#25 C:\xampp\htdocs\yii\framework\web\CController.php(265): CController->runActionWithFilters(Object(CInlineAction), Array)
#26 C:\xampp\htdocs\yii\framework\web\CWebApplication.php(282): CController->run('index')
#27 C:\xampp\htdocs\yii\framework\web\CWebApplication.php(141): CWebApplication->runController('penjualan/index')
#28 C:\xampp\htdocs\yii\framework\base\CApplication.php(184): CWebApplication->processRequest()
#29 C:\xampp\htdocs\taskcrib\index.php(13): CApplication->run()
#30 {main}
REQUEST_URI=/taskcrib/index.php?r=penjualan/index
HTTP_REFERER=http://localhost/taskcrib/index.php?r=product/index
---
2015/12/31 06:09:38 [error] [php] htmlspecialchars() expects parameter 1 to be string, object given (C:\xampp\htdocs\yii\framework\web\helpers\CHtml.php:108)
Stack trace:
#0 C:\xampp\htdocs\yii\framework\web\CBaseController.php(130): require()
#1 C:\xampp\htdocs\yii\framework\web\CBaseController.php(95): PenjualanController->renderInternal()
#2 C:\xampp\htdocs\yii\framework\zii\widgets\CListView.php(291): PenjualanController->renderFile()
#3 C:\xampp\htdocs\yii\framework\zii\widgets\CBaseListView.php(181): CListView->renderItems()
#4 unknown(0): CListView->renderSection()
#5 C:\xampp\htdocs\yii\framework\zii\widgets\CBaseListView.php(164): preg_replace_callback()
#6 C:\xampp\htdocs\yii\framework\zii\widgets\CBaseListView.php(149): CListView->renderContent()
#7 C:\xampp\htdocs\yii\framework\web\CBaseController.php(181): CListView->run()
#8 C:\xampp\htdocs\taskcrib\protected\views\penjualan\index.php(20): PenjualanController->widget()
#9 C:\xampp\htdocs\yii\framework\web\CBaseController.php(126): require()
#10 C:\xampp\htdocs\yii\framework\web\CBaseController.php(95): PenjualanController->renderInternal()
#11 C:\xampp\htdocs\yii\framework\web\CController.php(869): PenjualanController->renderFile()
#12 C:\xampp\htdocs\yii\framework\web\CController.php(782): PenjualanController->renderPartial()
#13 C:\xampp\htdocs\taskcrib\protected\controllers\PenjualanController.php(133): PenjualanController->render()
#14 C:\xampp\htdocs\yii\framework\web\actions\CInlineAction.php(49): PenjualanController->actionIndex()
#15 C:\xampp\htdocs\yii\framework\web\CController.php(308): CInlineAction->runWithParams()
#16 C:\xampp\htdocs\yii\framework\web\filters\CFilterChain.php(133): PenjualanController->runAction()
#17 C:\xampp\htdocs\yii\framework\web\filters\CFilter.php(40): CFilterChain->run()
#18 C:\xampp\htdocs\yii\framework\web\CController.php(1145): CAccessControlFilter->filter()
#19 C:\xampp\htdocs\yii\framework\web\filters\CInlineFilter.php(58): PenjualanController->filterAccessControl()
#20 C:\xampp\htdocs\yii\framework\web\filters\CFilterChain.php(130): CInlineFilter->filter()
#21 C:\xampp\htdocs\yii\framework\web\CController.php(291): CFilterChain->run()
#22 C:\xampp\htdocs\yii\framework\web\CController.php(265): PenjualanController->runActionWithFilters()
#23 C:\xampp\htdocs\yii\framework\web\CWebApplication.php(282): PenjualanController->run()
#24 C:\xampp\htdocs\yii\framework\web\CWebApplication.php(141): CWebApplication->runController()
#25 C:\xampp\htdocs\yii\framework\base\CApplication.php(184): CWebApplication->processRequest()
#26 C:\xampp\htdocs\taskcrib\index.php(13): CWebApplication->run()
REQUEST_URI=/taskcrib/index.php?r=penjualan/index
in C:\xampp\htdocs\taskcrib\protected\views\penjualan\_view.php (13)
in C:\xampp\htdocs\taskcrib\protected\views\penjualan\index.php (20)
in C:\xampp\htdocs\taskcrib\protected\controllers\PenjualanController.php (133)
2015/12/31 06:10:27 [error] [php] Undefined variable: iduser (C:\xampp\htdocs\taskcrib\protected\views\penjualan\_form.php:24)
Stack trace:
#0 C:\xampp\htdocs\yii\framework\web\CController.php(869): PenjualanController->renderFile()
#1 C:\xampp\htdocs\taskcrib\protected\views\penjualan\update.php(21): PenjualanController->renderPartial()
#2 C:\xampp\htdocs\yii\framework\web\CBaseController.php(126): require()
#3 C:\xampp\htdocs\yii\framework\web\CBaseController.php(95): PenjualanController->renderInternal()
#4 C:\xampp\htdocs\yii\framework\web\CController.php(869): PenjualanController->renderFile()
#5 C:\xampp\htdocs\yii\framework\web\CController.php(782): PenjualanController->renderPartial()
#6 C:\xampp\htdocs\taskcrib\protected\controllers\PenjualanController.php(108): PenjualanController->render()
#7 unknown(0): PenjualanController->actionUpdate()
#8 C:\xampp\htdocs\yii\framework\web\actions\CAction.php(109): ReflectionMethod->invokeArgs()
#9 C:\xampp\htdocs\yii\framework\web\actions\CInlineAction.php(47): CInlineAction->runWithParamsInternal()
#10 C:\xampp\htdocs\yii\framework\web\CController.php(308): CInlineAction->runWithParams()
#11 C:\xampp\htdocs\yii\framework\web\filters\CFilterChain.php(133): PenjualanController->runAction()
#12 C:\xampp\htdocs\yii\framework\web\filters\CFilter.php(40): CFilterChain->run()
#13 C:\xampp\htdocs\yii\framework\web\CController.php(1145): CAccessControlFilter->filter()
#14 C:\xampp\htdocs\yii\framework\web\filters\CInlineFilter.php(58): PenjualanController->filterAccessControl()
#15 C:\xampp\htdocs\yii\framework\web\filters\CFilterChain.php(130): CInlineFilter->filter()
#16 C:\xampp\htdocs\yii\framework\web\CController.php(291): CFilterChain->run()
#17 C:\xampp\htdocs\yii\framework\web\CController.php(265): PenjualanController->runActionWithFilters()
#18 C:\xampp\htdocs\yii\framework\web\CWebApplication.php(282): PenjualanController->run()
#19 C:\xampp\htdocs\yii\framework\web\CWebApplication.php(141): CWebApplication->runController()
#20 C:\xampp\htdocs\yii\framework\base\CApplication.php(184): CWebApplication->processRequest()
#21 C:\xampp\htdocs\taskcrib\index.php(13): CWebApplication->run()
REQUEST_URI=/taskcrib/index.php?r=penjualan/update&id=2
in C:\xampp\htdocs\taskcrib\protected\views\penjualan\_form.php (24)
in C:\xampp\htdocs\taskcrib\protected\views\penjualan\update.php (21)
in C:\xampp\htdocs\taskcrib\protected\controllers\PenjualanController.php (108)
2015/12/31 06:11:34 [error] [php] Undefined variable: iduser (C:\xampp\htdocs\taskcrib\protected\views\penjualan\_form.php:24)
Stack trace:
#0 C:\xampp\htdocs\yii\framework\web\CController.php(869): PenjualanController->renderFile()
#1 C:\xampp\htdocs\taskcrib\protected\views\penjualan\update.php(21): PenjualanController->renderPartial()
#2 C:\xampp\htdocs\yii\framework\web\CBaseController.php(126): require()
#3 C:\xampp\htdocs\yii\framework\web\CBaseController.php(95): PenjualanController->renderInternal()
#4 C:\xampp\htdocs\yii\framework\web\CController.php(869): PenjualanController->renderFile()
#5 C:\xampp\htdocs\yii\framework\web\CController.php(782): PenjualanController->renderPartial()
#6 C:\xampp\htdocs\taskcrib\protected\controllers\PenjualanController.php(108): PenjualanController->render()
#7 unknown(0): PenjualanController->actionUpdate()
#8 C:\xampp\htdocs\yii\framework\web\actions\CAction.php(109): ReflectionMethod->invokeArgs()
#9 C:\xampp\htdocs\yii\framework\web\actions\CInlineAction.php(47): CInlineAction->runWithParamsInternal()
#10 C:\xampp\htdocs\yii\framework\web\CController.php(308): CInlineAction->runWithParams()
#11 C:\xampp\htdocs\yii\framework\web\filters\CFilterChain.php(133): PenjualanController->runAction()
#12 C:\xampp\htdocs\yii\framework\web\filters\CFilter.php(40): CFilterChain->run()
#13 C:\xampp\htdocs\yii\framework\web\CController.php(1145): CAccessControlFilter->filter()
#14 C:\xampp\htdocs\yii\framework\web\filters\CInlineFilter.php(58): PenjualanController->filterAccessControl()
#15 C:\xampp\htdocs\yii\framework\web\filters\CFilterChain.php(130): CInlineFilter->filter()
#16 C:\xampp\htdocs\yii\framework\web\CController.php(291): CFilterChain->run()
#17 C:\xampp\htdocs\yii\framework\web\CController.php(265): PenjualanController->runActionWithFilters()
#18 C:\xampp\htdocs\yii\framework\web\CWebApplication.php(282): PenjualanController->run()
#19 C:\xampp\htdocs\yii\framework\web\CWebApplication.php(141): CWebApplication->runController()
#20 C:\xampp\htdocs\yii\framework\base\CApplication.php(184): CWebApplication->processRequest()
#21 C:\xampp\htdocs\taskcrib\index.php(13): CWebApplication->run()
REQUEST_URI=/taskcrib/index.php?r=penjualan/update&id=2
in C:\xampp\htdocs\taskcrib\protected\views\penjualan\_form.php (24)
in C:\xampp\htdocs\taskcrib\protected\views\penjualan\update.php (21)
in C:\xampp\htdocs\taskcrib\protected\controllers\PenjualanController.php (108)
2015/12/31 06:21:02 [error] [exception.CException] exception 'CException' with message 'Property "Penjualan.namaproduct" is not defined.' in C:\xampp\htdocs\yii\framework\base\CComponent.php:130
Stack trace:
#0 C:\xampp\htdocs\yii\framework\db\ar\CActiveRecord.php(145): CComponent->__get('namaproduct')
#1 C:\xampp\htdocs\yii\framework\web\helpers\CHtml.php(2728): CActiveRecord->__get('namaproduct')
#2 C:\xampp\htdocs\yii\framework\web\helpers\CHtml.php(2451): CHtml::resolveValue(Object(Penjualan), 'namaproduct')
#3 C:\xampp\htdocs\yii\framework\web\helpers\CHtml.php(1533): CHtml::activeInputField('text', Object(Penjualan), 'namaproduct', Array)
#4 C:\xampp\htdocs\yii\framework\zii\widgets\grid\CDataColumn.php(104): CHtml::activeTextField(Object(Penjualan), 'namaproduct', Array)
#5 C:\xampp\htdocs\yii\framework\zii\widgets\grid\CGridColumn.php(253): CDataColumn->getFilterCellContent()
#6 C:\xampp\htdocs\yii\framework\zii\widgets\grid\CGridColumn.php(119): CGridColumn->renderFilterCellContent()
#7 C:\xampp\htdocs\yii\framework\zii\widgets\grid\CGridView.php(538): CGridColumn->renderFilterCell()
#8 C:\xampp\htdocs\yii\framework\zii\widgets\grid\CGridView.php(516): CGridView->renderFilter()
#9 C:\xampp\htdocs\yii\framework\zii\widgets\grid\CGridView.php(486): CGridView->renderTableHeader()
#10 C:\xampp\htdocs\yii\framework\zii\widgets\CBaseListView.php(181): CGridView->renderItems()
#11 [internal function]: CBaseListView->renderSection(Array)
#12 C:\xampp\htdocs\yii\framework\zii\widgets\CBaseListView.php(164): preg_replace_callback('/{(\w+)}/', Array, '{summary}?{item...')
#13 C:\xampp\htdocs\yii\framework\zii\widgets\CBaseListView.php(149): CBaseListView->renderContent()
#14 C:\xampp\htdocs\yii\framework\web\CBaseController.php(181): CBaseListView->run()
#15 C:\xampp\htdocs\taskcrib\protected\views\penjualan\admin.php(66): CBaseController->widget('zii.widgets.gri...', Array)
#16 C:\xampp\htdocs\yii\framework\web\CBaseController.php(126): require('C:\xampp\htdocs...')
#17 C:\xampp\htdocs\yii\framework\web\CBaseController.php(95): CBaseController->renderInternal('C:\xampp\htdocs...', Array, true)
#18 C:\xampp\htdocs\yii\framework\web\CController.php(869): CBaseController->renderFile('C:\xampp\htdocs...', Array, true)
#19 C:\xampp\htdocs\yii\framework\web\CController.php(782): CController->renderPartial('admin', Array, true)
#20 C:\xampp\htdocs\taskcrib\protected\controllers\PenjualanController.php(150): CController->render('admin', Array)
#21 C:\xampp\htdocs\yii\framework\web\actions\CInlineAction.php(49): PenjualanController->actionAdmin()
#22 C:\xampp\htdocs\yii\framework\web\CController.php(308): CInlineAction->runWithParams(Array)
#23 C:\xampp\htdocs\yii\framework\web\filters\CFilterChain.php(133): CController->runAction(Object(CInlineAction))
#24 C:\xampp\htdocs\yii\framework\web\filters\CFilter.php(40): CFilterChain->run()
#25 C:\xampp\htdocs\yii\framework\web\CController.php(1145): CFilter->filter(Object(CFilterChain))
#26 C:\xampp\htdocs\yii\framework\web\filters\CInlineFilter.php(58): CController->filterAccessControl(Object(CFilterChain))
#27 C:\xampp\htdocs\yii\framework\web\filters\CFilterChain.php(130): CInlineFilter->filter(Object(CFilterChain))
#28 C:\xampp\htdocs\yii\framework\web\CController.php(291): CFilterChain->run()
#29 C:\xampp\htdocs\yii\framework\web\CController.php(265): CController->runActionWithFilters(Object(CInlineAction), Array)
#30 C:\xampp\htdocs\yii\framework\web\CWebApplication.php(282): CController->run('admin')
#31 C:\xampp\htdocs\yii\framework\web\CWebApplication.php(141): CWebApplication->runController('penjualan/admin')
#32 C:\xampp\htdocs\yii\framework\base\CApplication.php(184): CWebApplication->processRequest()
#33 C:\xampp\htdocs\taskcrib\index.php(13): CApplication->run()
#34 {main}
REQUEST_URI=/taskcrib/index.php?r=penjualan/admin
HTTP_REFERER=http://localhost/taskcrib/index.php?r=site/login
---
2015/12/31 06:21:32 [error] [exception.CException] exception 'CException' with message 'Property "CDataColumn.label" is not defined.' in C:\xampp\htdocs\yii\framework\base\CComponent.php:173
Stack trace:
#0 C:\xampp\htdocs\yii\framework\YiiBase.php(220): CComponent->__set('label', 'nama product')
#1 C:\xampp\htdocs\yii\framework\zii\widgets\grid\CGridView.php(388): YiiBase::createComponent(Array, Object(CGridView))
#2 C:\xampp\htdocs\yii\framework\zii\widgets\grid\CGridView.php(359): CGridView->initColumns()
#3 C:\xampp\htdocs\yii\framework\web\CBaseController.php(147): CGridView->init()
#4 C:\xampp\htdocs\yii\framework\web\CBaseController.php(180): CBaseController->createWidget('zii.widgets.gri...', Array)
#5 C:\xampp\htdocs\taskcrib\protected\views\penjualan\admin.php(67): CBaseController->widget('zii.widgets.gri...', Array)
#6 C:\xampp\htdocs\yii\framework\web\CBaseController.php(126): require('C:\xampp\htdocs...')
#7 C:\xampp\htdocs\yii\framework\web\CBaseController.php(95): CBaseController->renderInternal('C:\xampp\htdocs...', Array, true)
#8 C:\xampp\htdocs\yii\framework\web\CController.php(869): CBaseController->renderFile('C:\xampp\htdocs...', Array, true)
#9 C:\xampp\htdocs\yii\framework\web\CController.php(782): CController->renderPartial('admin', Array, true)
#10 C:\xampp\htdocs\taskcrib\protected\controllers\PenjualanController.php(150): CController->render('admin', Array)
#11 C:\xampp\htdocs\yii\framework\web\actions\CInlineAction.php(49): PenjualanController->actionAdmin()
#12 C:\xampp\htdocs\yii\framework\web\CController.php(308): CInlineAction->runWithParams(Array)
#13 C:\xampp\htdocs\yii\framework\web\filters\CFilterChain.php(133): CController->runAction(Object(CInlineAction))
#14 C:\xampp\htdocs\yii\framework\web\filters\CFilter.php(40): CFilterChain->run()
#15 C:\xampp\htdocs\yii\framework\web\CController.php(1145): CFilter->filter(Object(CFilterChain))
#16 C:\xampp\htdocs\yii\framework\web\filters\CInlineFilter.php(58): CController->filterAccessControl(Object(CFilterChain))
#17 C:\xampp\htdocs\yii\framework\web\filters\CFilterChain.php(130): CInlineFilter->filter(Object(CFilterChain))
#18 C:\xampp\htdocs\yii\framework\web\CController.php(291): CFilterChain->run()
#19 C:\xampp\htdocs\yii\framework\web\CController.php(265): CController->runActionWithFilters(Object(CInlineAction), Array)
#20 C:\xampp\htdocs\yii\framework\web\CWebApplication.php(282): CController->run('admin')
#21 C:\xampp\htdocs\yii\framework\web\CWebApplication.php(141): CWebApplication->runController('penjualan/admin')
#22 C:\xampp\htdocs\yii\framework\base\CApplication.php(184): CWebApplication->processRequest()
#23 C:\xampp\htdocs\taskcrib\index.php(13): CApplication->run()
#24 {main}
REQUEST_URI=/taskcrib/index.php?r=penjualan/admin
HTTP_REFERER=http://localhost/taskcrib/index.php?r=site/login
---
